<?xml version="1.0" encoding="UTF-8"?>
<testng-results skipped="0" failed="0" total="1" passed="1">
  <reporter-output>
  </reporter-output>
  <suite name="Suite" duration-ms="21477" started-at="2016-11-20T12:26:25Z" finished-at="2016-11-20T12:26:46Z">
    <groups>
    </groups>
    <test name="Test" duration-ms="21477" started-at="2016-11-20T12:26:25Z" finished-at="2016-11-20T12:26:46Z">
      <class name="tests.TestLogin">
        <test-method status="PASS" signature="beforeClass()[pri:0, instance:tests.TestLogin@18be83e4]" name="beforeClass" is-config="true" duration-ms="32" started-at="2016-11-20T13:26:25Z" finished-at="2016-11-20T13:26:25Z">
          <reporter-output>
          </reporter-output>
        </test-method> <!-- beforeClass -->
        <test-method status="PASS" signature="beforeMethod()[pri:0, instance:tests.TestLogin@18be83e4]" name="beforeMethod" is-config="true" duration-ms="15220" started-at="2016-11-20T13:26:25Z" finished-at="2016-11-20T13:26:40Z">
          <reporter-output>
          </reporter-output>
        </test-method> <!-- beforeMethod -->
        <test-method status="PASS" signature="testLoginAsAdmin()[pri:0, instance:tests.TestLogin@18be83e4]" name="testLoginAsAdmin" duration-ms="3859" started-at="2016-11-20T13:26:40Z" finished-at="2016-11-20T13:26:44Z">
          <reporter-output>
          </reporter-output>
        </test-method> <!-- testLoginAsAdmin -->
        <test-method status="PASS" signature="afterMethod()[pri:0, instance:tests.TestLogin@18be83e4]" name="afterMethod" is-config="true" duration-ms="2285" started-at="2016-11-20T13:26:44Z" finished-at="2016-11-20T13:26:46Z">
          <reporter-output>
          </reporter-output>
        </test-method> <!-- afterMethod -->
      </class> <!-- tests.TestLogin -->
    </test> <!-- Test -->
  </suite> <!-- Suite -->
</testng-results>
